2024-12-19 11:11:52 - #----------Config info----------#
2024-12-19 11:11:52 - network: UltraLight_VM_UNet,
2024-12-19 11:11:52 - model_config: {'num_classes': 1, 'input_channels': 3, 'c_list': [8, 16, 24, 32, 48, 64], 'split_att': 'fc', 'bridge': True},
2024-12-19 11:11:52 - test_weights: ,
2024-12-19 11:11:52 - datasets: DIP,
2024-12-19 11:11:52 - data_path: dataprepare/data/,
2024-12-19 11:11:52 - criterion: BceDiceLoss(
  (bce): BCELoss(
    (bceloss): BCELoss()
  )
  (dice): DiceLoss()
),
2024-12-19 11:11:52 - num_classes: 1,
2024-12-19 11:11:52 - input_size_h: 256,
2024-12-19 11:11:52 - input_size_w: 256,
2024-12-19 11:11:52 - input_channels: 3,
2024-12-19 11:11:52 - distributed: False,
2024-12-19 11:11:52 - local_rank: -1,
2024-12-19 11:11:52 - num_workers: 0,
2024-12-19 11:11:52 - seed: 42,
2024-12-19 11:11:52 - world_size: None,
2024-12-19 11:11:52 - rank: None,
2024-12-19 11:11:52 - amp: False,
2024-12-19 11:11:52 - batch_size: 4,
2024-12-19 11:11:52 - epochs: 250,
2024-12-19 11:11:52 - work_dir: results/20241219_1111_UltraLight_VM_UNet_DIP/,
2024-12-19 11:11:52 - print_interval: 20,
2024-12-19 11:11:52 - val_interval: 30,
2024-12-19 11:11:52 - save_interval: 100,
2024-12-19 11:11:52 - threshold: 0.5,
2024-12-19 11:11:52 - opt: AdamW,
2024-12-19 11:11:52 - lr: 0.001,
2024-12-19 11:11:52 - betas: (0.9, 0.999),
2024-12-19 11:11:52 - eps: 1e-08,
2024-12-19 11:11:52 - weight_decay: 0.01,
2024-12-19 11:11:52 - amsgrad: False,
2024-12-19 11:11:52 - sch: CosineAnnealingLR,
2024-12-19 11:11:52 - T_max: 50,
2024-12-19 11:11:52 - eta_min: 1e-05,
2024-12-19 11:11:52 - last_epoch: -1,
2024-12-19 11:11:59 - train: epoch 1, iter:0, loss: 1.5536, lr: 0.001
2024-12-19 11:12:01 - val epoch: 1, loss: 1.2417
2024-12-19 11:12:01 - train: epoch 2, iter:0, loss: 1.3086, lr: 0.0009990232305719944
2024-12-19 11:12:03 - val epoch: 2, loss: 1.2077
2024-12-19 11:12:03 - train: epoch 3, iter:0, loss: 1.0160, lr: 0.0009960967771506664
2024-12-19 11:12:05 - val epoch: 3, loss: 1.2113
2024-12-19 11:12:05 - train: epoch 4, iter:0, loss: 0.9720, lr: 0.0009912321891107007
2024-12-19 11:12:07 - val epoch: 4, loss: 1.2024
2024-12-19 11:12:07 - train: epoch 5, iter:0, loss: 1.0146, lr: 0.0009844486647586721
2024-12-19 11:12:10 - val epoch: 5, loss: 1.1227
2024-12-19 11:12:10 - train: epoch 6, iter:0, loss: 1.0490, lr: 0.0009757729755661009
2024-12-19 11:12:12 - val epoch: 6, loss: 1.1094
2024-12-19 11:12:12 - train: epoch 7, iter:0, loss: 1.0864, lr: 0.0009652393605146842
2024-12-19 11:12:14 - val epoch: 7, loss: 1.1134
2024-12-19 11:12:14 - train: epoch 8, iter:0, loss: 0.8450, lr: 0.0009528893909706795
2024-12-19 11:12:16 - val epoch: 8, loss: 1.0916
2024-12-19 11:12:16 - train: epoch 9, iter:0, loss: 0.8600, lr: 0.0009387718066217122
2024-12-19 11:12:18 - val epoch: 9, loss: 1.1179
2024-12-19 11:12:18 - train: epoch 10, iter:0, loss: 0.9457, lr: 0.0009229423231234972
2024-12-19 11:12:20 - val epoch: 10, loss: 1.0452
2024-12-19 11:12:20 - train: epoch 11, iter:0, loss: 0.5852, lr: 0.0009054634122155987
2024-12-19 11:12:23 - val epoch: 11, loss: 1.0998
2024-12-19 11:12:23 - train: epoch 12, iter:0, loss: 0.6435, lr: 0.0008864040551740153
2024-12-19 11:12:25 - val epoch: 12, loss: 1.0932
2024-12-19 11:12:25 - train: epoch 13, iter:0, loss: 1.1123, lr: 0.0008658394705735984
2024-12-19 11:12:27 - val epoch: 13, loss: 1.0914
2024-12-19 11:12:27 - train: epoch 14, iter:0, loss: 0.6708, lr: 0.0008438508174347006
2024-12-19 11:12:29 - val epoch: 14, loss: 1.1362
2024-12-19 11:12:29 - train: epoch 15, iter:0, loss: 1.4489, lr: 0.000820524874925601
2024-12-19 11:12:31 - val epoch: 15, loss: 1.1218
2024-12-19 11:12:31 - train: epoch 16, iter:0, loss: 0.7985, lr: 0.000795953699884774
2024-12-19 11:12:33 - val epoch: 16, loss: 1.1942
2024-12-19 11:12:33 - train: epoch 17, iter:0, loss: 0.7427, lr: 0.000770234263514603
2024-12-19 11:12:36 - val epoch: 17, loss: 1.0982
2024-12-19 11:12:36 - train: epoch 18, iter:0, loss: 0.8745, lr: 0.0007434680686803488
2024-12-19 11:12:38 - val epoch: 18, loss: 1.0886
2024-12-19 11:12:38 - train: epoch 19, iter:0, loss: 1.0510, lr: 0.0007157607493247108
2024-12-19 11:12:40 - val epoch: 19, loss: 1.1548
2024-12-19 11:12:40 - train: epoch 20, iter:0, loss: 1.0609, lr: 0.0006872216535789154
2024-12-19 11:12:41 - val epoch: 20, loss: 1.0569
2024-12-19 11:12:42 - train: epoch 21, iter:0, loss: 0.6125, lr: 0.0006579634122155987
2024-12-19 11:12:43 - val epoch: 21, loss: 1.0733
2024-12-19 11:12:44 - train: epoch 22, iter:0, loss: 0.8490, lr: 0.0006281014941466028
2024-12-19 11:12:45 - val epoch: 22, loss: 1.0435
2024-12-19 11:12:45 - train: epoch 23, iter:0, loss: 0.8492, lr: 0.0005977537507199335
2024-12-19 11:12:48 - val epoch: 23, loss: 1.1246
2024-12-19 11:12:48 - train: epoch 24, iter:0, loss: 0.6111, lr: 0.0005670399506143305
2024-12-19 11:12:50 - val epoch: 24, loss: 1.2034
2024-12-19 11:12:50 - train: epoch 25, iter:0, loss: 1.1564, lr: 0.0005360813071670099
2024-12-19 11:12:52 - val epoch: 25, loss: 1.0876
2024-12-19 11:12:52 - train: epoch 26, iter:0, loss: 0.5936, lr: 0.0005049999999999998
2024-12-19 11:12:54 - val epoch: 26, loss: 1.0519
2024-12-19 11:12:54 - train: epoch 27, iter:0, loss: 0.9095, lr: 0.0004739186928329897
2024-12-19 11:12:56 - val epoch: 27, loss: 1.0168
2024-12-19 11:12:56 - train: epoch 28, iter:0, loss: 0.5750, lr: 0.0004429600493856692
2024-12-19 11:12:58 - val epoch: 28, loss: 1.1463
2024-12-19 11:12:58 - train: epoch 29, iter:0, loss: 0.6474, lr: 0.0004122462492800661
2024-12-19 11:13:01 - val epoch: 29, loss: 1.0329
2024-12-19 11:13:01 - train: epoch 30, iter:0, loss: 0.6029, lr: 0.0003818985058533967
2024-12-19 11:13:03 - val epoch: 30, loss: 1.0608, miou: 0.5812633897459282, f1_or_dsc: 0.7351885758125641, accuracy: 0.7215166091918945,                 specificity: 0.6613962965543606, sensitivity: 0.7832006909383894, confusion_matrix: [[351214 179805]
 [112206 405351]]
2024-12-19 11:13:03 - train: epoch 31, iter:0, loss: 0.6887, lr: 0.00035203658778440103
2024-12-19 11:13:05 - val epoch: 31, loss: 1.0499
2024-12-19 11:13:05 - train: epoch 32, iter:0, loss: 0.8869, lr: 0.00032277834642108444
2024-12-19 11:13:07 - val epoch: 32, loss: 1.0967
2024-12-19 11:13:07 - train: epoch 33, iter:0, loss: 0.4933, lr: 0.0002942392506752889
2024-12-19 11:13:09 - val epoch: 33, loss: 1.0810
2024-12-19 11:13:09 - train: epoch 34, iter:0, loss: 0.9436, lr: 0.00026653193131965077
2024-12-19 11:13:11 - val epoch: 34, loss: 1.0973
2024-12-19 11:13:11 - train: epoch 35, iter:0, loss: 0.3850, lr: 0.00023976573648539642
2024-12-19 11:13:13 - val epoch: 35, loss: 1.0687
2024-12-19 11:13:14 - train: epoch 36, iter:0, loss: 0.3695, lr: 0.00021404630011522574
2024-12-19 11:13:15 - val epoch: 36, loss: 1.0888
2024-12-19 11:13:16 - train: epoch 37, iter:0, loss: 0.7096, lr: 0.00018947512507439847
2024-12-19 11:13:17 - val epoch: 37, loss: 1.0869
2024-12-19 11:13:18 - train: epoch 38, iter:0, loss: 0.3268, lr: 0.000166149182565299
2024-12-19 11:13:19 - val epoch: 38, loss: 1.0718
2024-12-19 11:13:19 - train: epoch 39, iter:0, loss: 0.2765, lr: 0.00014416052942640132
2024-12-19 11:13:21 - val epoch: 39, loss: 1.0779
2024-12-19 11:13:21 - train: epoch 40, iter:0, loss: 0.6769, lr: 0.00012359594482598432
2024-12-19 11:13:23 - val epoch: 40, loss: 1.0851
2024-12-19 11:13:23 - train: epoch 41, iter:0, loss: 0.4311, lr: 0.00010453658778440102
2024-12-19 11:13:26 - val epoch: 41, loss: 1.0614
2024-12-19 11:13:26 - train: epoch 42, iter:0, loss: 0.3326, lr: 8.70576768765026e-05
2024-12-19 11:13:28 - val epoch: 42, loss: 1.1010
2024-12-19 11:13:28 - train: epoch 43, iter:0, loss: 0.7309, lr: 7.12281933782875e-05
2024-12-19 11:13:30 - val epoch: 43, loss: 1.0804
2024-12-19 11:13:30 - train: epoch 44, iter:0, loss: 0.4796, lr: 5.71106090293204e-05
2024-12-19 11:13:32 - val epoch: 44, loss: 1.1034
2024-12-19 11:13:32 - train: epoch 45, iter:0, loss: 0.7001, lr: 4.4760639485315563e-05
2024-12-19 11:13:34 - val epoch: 45, loss: 1.1114
2024-12-19 11:13:34 - train: epoch 46, iter:0, loss: 0.6430, lr: 3.422702443389899e-05
2024-12-19 11:13:36 - val epoch: 46, loss: 1.0814
2024-12-19 11:13:36 - train: epoch 47, iter:0, loss: 0.5735, lr: 2.5551335241327665e-05
2024-12-19 11:13:38 - val epoch: 47, loss: 1.0911
2024-12-19 11:13:38 - train: epoch 48, iter:0, loss: 0.3510, lr: 1.876781088929908e-05
2024-12-19 11:13:41 - val epoch: 48, loss: 1.1027
2024-12-19 11:13:41 - train: epoch 49, iter:0, loss: 0.2436, lr: 1.3903222849333505e-05
2024-12-19 11:13:43 - val epoch: 49, loss: 1.1082
2024-12-19 11:13:43 - train: epoch 50, iter:0, loss: 0.5795, lr: 1.0976769428005579e-05
2024-12-19 11:13:45 - val epoch: 50, loss: 1.1064
2024-12-19 11:13:45 - train: epoch 51, iter:0, loss: 0.3063, lr: 1e-05
2024-12-19 11:13:47 - val epoch: 51, loss: 1.1040
2024-12-19 11:13:47 - train: epoch 52, iter:0, loss: 0.3408, lr: 1.0976769428005579e-05
2024-12-19 11:13:49 - val epoch: 52, loss: 1.0945
2024-12-19 11:13:49 - train: epoch 53, iter:0, loss: 0.3530, lr: 1.3903222849333451e-05
2024-12-19 11:13:51 - val epoch: 53, loss: 1.0983
2024-12-19 11:13:51 - train: epoch 54, iter:0, loss: 0.3090, lr: 1.8767810889299133e-05
2024-12-19 11:13:53 - val epoch: 54, loss: 1.0922
2024-12-19 11:13:53 - train: epoch 55, iter:0, loss: 0.7274, lr: 2.555133524132755e-05
2024-12-19 11:13:55 - val epoch: 55, loss: 1.0941
2024-12-19 11:13:55 - train: epoch 56, iter:0, loss: 0.6448, lr: 3.422702443389893e-05
2024-12-19 11:13:57 - val epoch: 56, loss: 1.0772
2024-12-19 11:13:57 - train: epoch 57, iter:0, loss: 0.7882, lr: 4.47606394853155e-05
2024-12-19 11:13:59 - val epoch: 57, loss: 1.0902
2024-12-19 11:13:59 - train: epoch 58, iter:0, loss: 0.5436, lr: 5.711060902932022e-05
2024-12-19 11:14:01 - val epoch: 58, loss: 1.0947
2024-12-19 11:14:01 - train: epoch 59, iter:0, loss: 0.4325, lr: 7.122819337828753e-05
2024-12-19 11:14:03 - val epoch: 59, loss: 1.0871
2024-12-19 11:14:03 - train: epoch 60, iter:0, loss: 0.6103, lr: 8.705767687650243e-05
2024-12-19 11:14:06 - val epoch: 60, loss: 1.0830, miou: 0.5812118107696731, f1_or_dsc: 0.7351473177863015, accuracy: 0.7263240814208984,                 specificity: 0.6842259881473167, sensitivity: 0.7695171739537867, confusion_matrix: [[363337 167682]
 [119288 398269]]
2024-12-19 11:14:06 - train: epoch 61, iter:0, loss: 0.2825, lr: 0.00010453658778440077
2024-12-19 11:14:08 - val epoch: 61, loss: 1.0684
2024-12-19 11:14:08 - train: epoch 62, iter:0, loss: 0.5133, lr: 0.00012359594482598424
2024-12-19 11:14:10 - val epoch: 62, loss: 1.1551
2024-12-19 11:14:10 - train: epoch 63, iter:0, loss: 0.5987, lr: 0.00014416052942640108
2024-12-19 11:14:12 - val epoch: 63, loss: 1.0893
2024-12-19 11:14:12 - train: epoch 64, iter:0, loss: 0.5376, lr: 0.00016614918256529902
2024-12-19 11:14:14 - val epoch: 64, loss: 1.1308
2024-12-19 11:14:14 - train: epoch 65, iter:0, loss: 0.5765, lr: 0.00018947512507439852
2024-12-19 11:14:16 - val epoch: 65, loss: 1.0704
2024-12-19 11:14:16 - train: epoch 66, iter:0, loss: 0.2745, lr: 0.00021404630011522558
2024-12-19 11:14:19 - val epoch: 66, loss: 1.0440
2024-12-19 11:14:19 - train: epoch 67, iter:0, loss: 0.8243, lr: 0.00023976573648539664
2024-12-19 11:14:20 - val epoch: 67, loss: 1.0830
2024-12-19 11:14:21 - train: epoch 68, iter:0, loss: 0.4913, lr: 0.00026653193131965077
2024-12-19 11:14:22 - val epoch: 68, loss: 1.0049
2024-12-19 11:14:23 - train: epoch 69, iter:0, loss: 0.4887, lr: 0.000294239250675289
2024-12-19 11:14:24 - val epoch: 69, loss: 1.1552
2024-12-19 11:14:24 - train: epoch 70, iter:0, loss: 0.5960, lr: 0.0003227783464210842
2024-12-19 11:14:26 - val epoch: 70, loss: 1.1401
2024-12-19 11:14:26 - train: epoch 71, iter:0, loss: 0.5303, lr: 0.00035203658778440065
2024-12-19 11:14:28 - val epoch: 71, loss: 1.2561
2024-12-19 11:14:29 - train: epoch 72, iter:0, loss: 0.2439, lr: 0.00038189850585339675
2024-12-19 11:14:31 - val epoch: 72, loss: 1.0981
2024-12-19 11:14:31 - train: epoch 73, iter:0, loss: 0.3994, lr: 0.000412246249280066
2024-12-19 11:14:33 - val epoch: 73, loss: 1.2236
2024-12-19 11:14:33 - train: epoch 74, iter:0, loss: 0.6969, lr: 0.00044296004938566884
2024-12-19 11:14:35 - val epoch: 74, loss: 1.1171
2024-12-19 11:14:35 - train: epoch 75, iter:0, loss: 0.3582, lr: 0.0004739186928329896
2024-12-19 11:14:37 - val epoch: 75, loss: 1.0898
2024-12-19 11:14:37 - train: epoch 76, iter:0, loss: 0.4056, lr: 0.0005049999999999995
2024-12-19 11:14:39 - val epoch: 76, loss: 1.3025
2024-12-19 11:14:39 - train: epoch 77, iter:0, loss: 0.6481, lr: 0.0005360813071670094
2024-12-19 11:14:41 - val epoch: 77, loss: 1.0992
2024-12-19 11:14:41 - train: epoch 78, iter:0, loss: 0.8346, lr: 0.0005670399506143302
2024-12-19 11:14:44 - val epoch: 78, loss: 1.2549
2024-12-19 11:14:44 - train: epoch 79, iter:0, loss: 0.3962, lr: 0.0005977537507199331
2024-12-19 11:14:46 - val epoch: 79, loss: 1.1295
2024-12-19 11:14:46 - train: epoch 80, iter:0, loss: 0.2633, lr: 0.0006281014941466026
2024-12-19 11:14:47 - val epoch: 80, loss: 1.1254
2024-12-19 11:14:48 - train: epoch 81, iter:0, loss: 0.5269, lr: 0.0006579634122155983
2024-12-19 11:14:49 - val epoch: 81, loss: 1.1166
2024-12-19 11:14:50 - train: epoch 82, iter:0, loss: 0.5496, lr: 0.0006872216535789147
2024-12-19 11:14:51 - val epoch: 82, loss: 1.1466
2024-12-19 11:14:52 - train: epoch 83, iter:0, loss: 0.4108, lr: 0.00071576074932471
2024-12-19 11:14:53 - val epoch: 83, loss: 1.2865
2024-12-19 11:14:53 - train: epoch 84, iter:0, loss: 0.8540, lr: 0.0007434680686803487
2024-12-19 11:14:56 - val epoch: 84, loss: 1.2748
2024-12-19 11:14:56 - train: epoch 85, iter:0, loss: 0.7322, lr: 0.0007702342635146029
2024-12-19 11:14:58 - val epoch: 85, loss: 1.1003
2024-12-19 11:14:58 - train: epoch 86, iter:0, loss: 0.5155, lr: 0.0007959536998847737
2024-12-19 11:15:00 - val epoch: 86, loss: 1.0748
2024-12-19 11:15:00 - train: epoch 87, iter:0, loss: 0.4765, lr: 0.0008205248749256007
2024-12-19 11:15:02 - val epoch: 87, loss: 1.2639
2024-12-19 11:15:02 - train: epoch 88, iter:0, loss: 0.4756, lr: 0.0008438508174347
2024-12-19 11:15:04 - val epoch: 88, loss: 1.3353
2024-12-19 11:15:04 - train: epoch 89, iter:0, loss: 0.4864, lr: 0.0008658394705735981
2024-12-19 11:15:06 - val epoch: 89, loss: 1.2954
2024-12-19 11:15:06 - train: epoch 90, iter:0, loss: 0.6740, lr: 0.0008864040551740152
2024-12-19 11:15:09 - val epoch: 90, loss: 1.1305, miou: 0.5903643114050354, f1_or_dsc: 0.7424265084060742, accuracy: 0.7306327819824219,                 specificity: 0.6761641297204055, sensitivity: 0.7865181999277374, confusion_matrix: [[359056 171963]
 [110489 407068]]
2024-12-19 11:15:09 - train: epoch 91, iter:0, loss: 0.2975, lr: 0.0009054634122155985
2024-12-19 11:15:11 - val epoch: 91, loss: 1.1344
2024-12-19 11:15:11 - train: epoch 92, iter:0, loss: 0.4749, lr: 0.0009229423231234969
2024-12-19 11:15:13 - val epoch: 92, loss: 1.3316
2024-12-19 11:15:13 - train: epoch 93, iter:0, loss: 0.6229, lr: 0.0009387718066217117
2024-12-19 11:15:15 - val epoch: 93, loss: 1.1270
2024-12-19 11:15:15 - train: epoch 94, iter:0, loss: 0.4320, lr: 0.000952889390970679
2024-12-19 11:15:17 - val epoch: 94, loss: 1.2249
2024-12-19 11:15:17 - train: epoch 95, iter:0, loss: 0.5407, lr: 0.0009652393605146838
2024-12-19 11:15:19 - val epoch: 95, loss: 1.3318
2024-12-19 11:15:19 - train: epoch 96, iter:0, loss: 0.2321, lr: 0.0009757729755661003
2024-12-19 11:15:22 - val epoch: 96, loss: 1.2116
2024-12-19 11:15:22 - train: epoch 97, iter:0, loss: 0.4699, lr: 0.0009844486647586715
2024-12-19 11:15:25 - val epoch: 97, loss: 1.2267
2024-12-19 11:15:25 - train: epoch 98, iter:0, loss: 0.4380, lr: 0.0009912321891107
2024-12-19 11:15:27 - val epoch: 98, loss: 1.1401
2024-12-19 11:15:27 - train: epoch 99, iter:0, loss: 0.2478, lr: 0.0009960967771506656
2024-12-19 11:15:29 - val epoch: 99, loss: 1.2430
2024-12-19 11:15:29 - train: epoch 100, iter:0, loss: 0.7781, lr: 0.0009990232305719935
2024-12-19 11:15:30 - val epoch: 100, loss: 1.3266
2024-12-19 11:15:31 - train: epoch 101, iter:0, loss: 0.6847, lr: 0.0009999999999999992
2024-12-19 11:15:33 - val epoch: 101, loss: 1.2776
2024-12-19 11:15:33 - train: epoch 102, iter:0, loss: 0.5862, lr: 0.0009990232305719935
2024-12-19 11:15:35 - val epoch: 102, loss: 1.1745
2024-12-19 11:15:35 - train: epoch 103, iter:0, loss: 0.3834, lr: 0.0009960967771506656
2024-12-19 11:15:37 - val epoch: 103, loss: 1.5273
2024-12-19 11:15:37 - train: epoch 104, iter:0, loss: 0.7817, lr: 0.0009912321891106998
2024-12-19 11:15:39 - val epoch: 104, loss: 1.3210
2024-12-19 11:15:39 - train: epoch 105, iter:0, loss: 0.5817, lr: 0.0009844486647586713
2024-12-19 11:15:41 - val epoch: 105, loss: 1.2470
2024-12-19 11:15:41 - train: epoch 106, iter:0, loss: 0.5026, lr: 0.0009757729755661
2024-12-19 11:15:43 - val epoch: 106, loss: 1.2213
2024-12-19 11:15:43 - train: epoch 107, iter:0, loss: 0.5780, lr: 0.0009652393605146834
2024-12-19 11:15:45 - val epoch: 107, loss: 1.2041
2024-12-19 11:15:45 - train: epoch 108, iter:0, loss: 0.4894, lr: 0.0009528893909706787
2024-12-19 11:15:48 - val epoch: 108, loss: 1.2411
2024-12-19 11:15:48 - train: epoch 109, iter:0, loss: 0.8008, lr: 0.0009387718066217116
2024-12-19 11:15:50 - val epoch: 109, loss: 1.1610
2024-12-19 11:15:50 - train: epoch 110, iter:0, loss: 0.4064, lr: 0.0009229423231234967
2024-12-19 11:15:52 - val epoch: 110, loss: 1.2872
2024-12-19 11:15:52 - train: epoch 111, iter:0, loss: 0.3802, lr: 0.0009054634122155979
2024-12-19 11:15:54 - val epoch: 111, loss: 1.2983
2024-12-19 11:15:54 - train: epoch 112, iter:0, loss: 0.4112, lr: 0.0008864040551740146
2024-12-19 11:15:56 - val epoch: 112, loss: 1.3161
2024-12-19 11:15:56 - train: epoch 113, iter:0, loss: 0.5005, lr: 0.0008658394705735977
2024-12-19 11:15:58 - val epoch: 113, loss: 1.3685
2024-12-19 11:15:58 - train: epoch 114, iter:0, loss: 0.2726, lr: 0.0008438508174347002
2024-12-19 11:16:01 - val epoch: 114, loss: 1.2142
2024-12-19 11:16:01 - train: epoch 115, iter:0, loss: 0.6155, lr: 0.0008205248749256007
2024-12-19 11:16:02 - val epoch: 115, loss: 1.2768
2024-12-19 11:16:03 - train: epoch 116, iter:0, loss: 0.4522, lr: 0.0007959536998847731
2024-12-19 11:16:04 - val epoch: 116, loss: 1.4363
2024-12-19 11:16:04 - train: epoch 117, iter:0, loss: 0.9100, lr: 0.0007702342635146026
2024-12-19 11:16:06 - val epoch: 117, loss: 1.3798
2024-12-19 11:16:07 - train: epoch 118, iter:0, loss: 0.4892, lr: 0.0007434680686803485
2024-12-19 11:16:08 - val epoch: 118, loss: 1.2391
2024-12-19 11:16:08 - train: epoch 119, iter:0, loss: 0.4314, lr: 0.0007157607493247105
2024-12-19 11:16:10 - val epoch: 119, loss: 1.2575
2024-12-19 11:16:11 - train: epoch 120, iter:0, loss: 0.3087, lr: 0.0006872216535789154
2024-12-19 11:16:13 - val epoch: 120, loss: 1.2737, miou: 0.5856909222056377, f1_or_dsc: 0.7387201553641527, accuracy: 0.7233734130859375,                 specificity: 0.6562119246203997, sensitivity: 0.7922818163023589, confusion_matrix: [[348461 182558]
 [107506 410051]]
2024-12-19 11:16:14 - train: epoch 121, iter:0, loss: 0.5333, lr: 0.0006579634122155989
2024-12-19 11:16:15 - val epoch: 121, loss: 1.2528
2024-12-19 11:16:15 - train: epoch 122, iter:0, loss: 0.3916, lr: 0.0006281014941466024
2024-12-19 11:16:17 - val epoch: 122, loss: 1.3079
2024-12-19 11:16:17 - train: epoch 123, iter:0, loss: 0.2820, lr: 0.0005977537507199332
2024-12-19 11:16:19 - val epoch: 123, loss: 1.3249
2024-12-19 11:16:19 - train: epoch 124, iter:0, loss: 0.1575, lr: 0.0005670399506143303
2024-12-19 11:16:21 - val epoch: 124, loss: 1.2886
2024-12-19 11:16:21 - train: epoch 125, iter:0, loss: 0.4429, lr: 0.00053608130716701
2024-12-19 11:16:23 - val epoch: 125, loss: 1.4405
2024-12-19 11:16:23 - train: epoch 126, iter:0, loss: 0.1934, lr: 0.0005050000000000001
2024-12-19 11:16:26 - val epoch: 126, loss: 1.3524
2024-12-19 11:16:26 - train: epoch 127, iter:0, loss: 0.2624, lr: 0.0004739186928329894
2024-12-19 11:16:28 - val epoch: 127, loss: 1.3831
2024-12-19 11:16:28 - train: epoch 128, iter:0, loss: 0.3209, lr: 0.0004429600493856691
2024-12-19 11:16:30 - val epoch: 128, loss: 1.3423
2024-12-19 11:16:30 - train: epoch 129, iter:0, loss: 0.1388, lr: 0.0004122462492800658
2024-12-19 11:16:32 - val epoch: 129, loss: 1.3418
2024-12-19 11:16:32 - train: epoch 130, iter:0, loss: 0.1786, lr: 0.00038189850585339653
2024-12-19 11:16:34 - val epoch: 130, loss: 1.4026
2024-12-19 11:16:34 - train: epoch 131, iter:0, loss: 0.4735, lr: 0.0003520365877844009
2024-12-19 11:16:36 - val epoch: 131, loss: 1.3773
2024-12-19 11:16:36 - train: epoch 132, iter:0, loss: 0.4305, lr: 0.00032277834642108455
2024-12-19 11:16:39 - val epoch: 132, loss: 1.4113
2024-12-19 11:16:39 - train: epoch 133, iter:0, loss: 0.3281, lr: 0.0002942392506752885
2024-12-19 11:16:41 - val epoch: 133, loss: 1.4082
2024-12-19 11:16:41 - train: epoch 134, iter:0, loss: 0.3287, lr: 0.00026653193131965055
2024-12-19 11:16:43 - val epoch: 134, loss: 1.4105
2024-12-19 11:16:43 - train: epoch 135, iter:0, loss: 0.3908, lr: 0.00023976573648539642
2024-12-19 11:16:45 - val epoch: 135, loss: 1.3822
2024-12-19 11:16:45 - train: epoch 136, iter:0, loss: 0.3512, lr: 0.0002140463001152257
2024-12-19 11:16:47 - val epoch: 136, loss: 1.3724
2024-12-19 11:16:47 - train: epoch 137, iter:0, loss: 0.1655, lr: 0.000189475125074398
2024-12-19 11:16:48 - val epoch: 137, loss: 1.4027
2024-12-19 11:16:49 - train: epoch 138, iter:0, loss: 0.2491, lr: 0.00016614918256529872
2024-12-19 11:16:51 - val epoch: 138, loss: 1.4083
2024-12-19 11:16:51 - train: epoch 139, iter:0, loss: 0.1834, lr: 0.00014416052942640105
2024-12-19 11:16:53 - val epoch: 139, loss: 1.4239
2024-12-19 11:16:53 - train: epoch 140, iter:0, loss: 0.2890, lr: 0.0001235959448259842
2024-12-19 11:16:55 - val epoch: 140, loss: 1.4421
2024-12-19 11:16:55 - train: epoch 141, iter:0, loss: 0.2723, lr: 0.00010453658778440103
2024-12-19 11:16:57 - val epoch: 141, loss: 1.4335
2024-12-19 11:16:57 - train: epoch 142, iter:0, loss: 0.1604, lr: 8.705767687650263e-05
2024-12-19 11:16:59 - val epoch: 142, loss: 1.4418
2024-12-19 11:16:59 - train: epoch 143, iter:0, loss: 0.1951, lr: 7.12281933782873e-05
2024-12-19 11:17:01 - val epoch: 143, loss: 1.4259
2024-12-19 11:17:01 - train: epoch 144, iter:0, loss: 0.1710, lr: 5.711060902932021e-05
2024-12-19 11:17:04 - val epoch: 144, loss: 1.4295
2024-12-19 11:17:04 - train: epoch 145, iter:0, loss: 0.1535, lr: 4.4760639485315496e-05
2024-12-19 11:17:06 - val epoch: 145, loss: 1.4320
2024-12-19 11:17:06 - train: epoch 146, iter:0, loss: 0.2639, lr: 3.422702443389903e-05
2024-12-19 11:17:08 - val epoch: 146, loss: 1.4226
2024-12-19 11:17:08 - train: epoch 147, iter:0, loss: 0.1003, lr: 2.555133524132766e-05
2024-12-19 11:17:10 - val epoch: 147, loss: 1.4354
2024-12-19 11:17:10 - train: epoch 148, iter:0, loss: 0.3113, lr: 1.876781088929902e-05
2024-12-19 11:17:12 - val epoch: 148, loss: 1.4385
2024-12-19 11:17:12 - train: epoch 149, iter:0, loss: 0.3043, lr: 1.390322284933345e-05
2024-12-19 11:17:14 - val epoch: 149, loss: 1.4391
2024-12-19 11:17:14 - train: epoch 150, iter:0, loss: 0.2495, lr: 1.0976769428005579e-05
2024-12-19 11:17:17 - val epoch: 150, loss: 1.4413, miou: 0.5619673559219853, f1_or_dsc: 0.7195635091749685, accuracy: 0.7103567123413086,                 specificity: 0.6689383995676238, sensitivity: 0.7528523428337361, confusion_matrix: [[355219 175800]
 [127913 389644]]
2024-12-19 11:17:17 - train: epoch 151, iter:0, loss: 0.1504, lr: 1e-05
2024-12-19 11:17:19 - val epoch: 151, loss: 1.4404
2024-12-19 11:17:19 - train: epoch 152, iter:0, loss: 0.2236, lr: 1.0976769428005579e-05
2024-12-19 11:17:21 - val epoch: 152, loss: 1.4399
2024-12-19 11:17:21 - train: epoch 153, iter:0, loss: 0.3675, lr: 1.3903222849333397e-05
2024-12-19 11:17:23 - val epoch: 153, loss: 1.4418
2024-12-19 11:17:23 - train: epoch 154, iter:0, loss: 0.1651, lr: 1.8767810889299137e-05
2024-12-19 11:17:25 - val epoch: 154, loss: 1.4464
2024-12-19 11:17:25 - train: epoch 155, iter:0, loss: 0.3527, lr: 2.555133524132761e-05
2024-12-19 11:17:27 - val epoch: 155, loss: 1.4459
2024-12-19 11:17:27 - train: epoch 156, iter:0, loss: 0.3244, lr: 3.422702443389894e-05
2024-12-19 11:17:29 - val epoch: 156, loss: 1.4386
2024-12-19 11:17:29 - train: epoch 157, iter:0, loss: 0.2726, lr: 4.476063948531541e-05
2024-12-19 11:17:31 - val epoch: 157, loss: 1.4462
2024-12-19 11:17:31 - train: epoch 158, iter:0, loss: 0.2911, lr: 5.711060902932007e-05
2024-12-19 11:17:33 - val epoch: 158, loss: 1.4506
2024-12-19 11:17:33 - train: epoch 159, iter:0, loss: 0.1738, lr: 7.122819337828756e-05
2024-12-19 11:17:35 - val epoch: 159, loss: 1.4517
2024-12-19 11:17:35 - train: epoch 160, iter:0, loss: 0.1119, lr: 8.705767687650251e-05
2024-12-19 11:17:37 - val epoch: 160, loss: 1.4467
2024-12-19 11:17:37 - train: epoch 161, iter:0, loss: 0.1818, lr: 0.00010453658778440087
2024-12-19 11:17:39 - val epoch: 161, loss: 1.4345
2024-12-19 11:17:39 - train: epoch 162, iter:0, loss: 0.3073, lr: 0.00012359594482598405
2024-12-19 11:17:41 - val epoch: 162, loss: 1.4562
2024-12-19 11:17:41 - train: epoch 163, iter:0, loss: 0.2147, lr: 0.00014416052942640083
2024-12-19 11:17:44 - val epoch: 163, loss: 1.4468
2024-12-19 11:17:44 - train: epoch 164, iter:0, loss: 0.2154, lr: 0.00016614918256529853
2024-12-19 11:17:46 - val epoch: 164, loss: 1.4711
2024-12-19 11:17:46 - train: epoch 165, iter:0, loss: 0.2657, lr: 0.00018947512507439787
2024-12-19 11:17:48 - val epoch: 165, loss: 1.4583
2024-12-19 11:17:48 - train: epoch 166, iter:0, loss: 0.3007, lr: 0.00021404630011522487
2024-12-19 11:17:50 - val epoch: 166, loss: 1.4505
2024-12-19 11:17:50 - train: epoch 167, iter:0, loss: 0.3008, lr: 0.00023976573648539702
2024-12-19 11:17:51 - val epoch: 167, loss: 1.5044
2024-12-19 11:17:52 - train: epoch 168, iter:0, loss: 0.2277, lr: 0.0002665319313196511
2024-12-19 11:17:54 - val epoch: 168, loss: 1.4816
2024-12-19 11:17:54 - train: epoch 169, iter:0, loss: 0.3741, lr: 0.000294239250675289
2024-12-19 11:17:56 - val epoch: 169, loss: 1.5663
2024-12-19 11:17:56 - train: epoch 170, iter:0, loss: 0.2263, lr: 0.0003227783464210843
2024-12-19 11:17:58 - val epoch: 170, loss: 1.4847
2024-12-19 11:17:58 - train: epoch 171, iter:0, loss: 0.1905, lr: 0.0003520365877844007
2024-12-19 11:18:00 - val epoch: 171, loss: 1.4900
2024-12-19 11:18:01 - train: epoch 172, iter:0, loss: 0.2152, lr: 0.0003818985058533964
2024-12-19 11:18:02 - val epoch: 172, loss: 1.5211
2024-12-19 11:18:03 - train: epoch 173, iter:0, loss: 0.2288, lr: 0.0004122462492800657
2024-12-19 11:18:04 - val epoch: 173, loss: 1.5080
2024-12-19 11:18:05 - train: epoch 174, iter:0, loss: 0.2716, lr: 0.0004429600493856686
2024-12-19 11:18:07 - val epoch: 174, loss: 1.4932
2024-12-19 11:18:07 - train: epoch 175, iter:0, loss: 0.2934, lr: 0.00047391869283298883
2024-12-19 11:18:09 - val epoch: 175, loss: 1.5907
2024-12-19 11:18:09 - train: epoch 176, iter:0, loss: 0.4356, lr: 0.0005049999999999987
2024-12-19 11:18:11 - val epoch: 176, loss: 1.4531
2024-12-19 11:18:11 - train: epoch 177, iter:0, loss: 0.2879, lr: 0.0005360813071670096
2024-12-19 11:18:13 - val epoch: 177, loss: 1.4152
2024-12-19 11:18:13 - train: epoch 178, iter:0, loss: 0.3648, lr: 0.0005670399506143308
2024-12-19 11:18:15 - val epoch: 178, loss: 1.5574
2024-12-19 11:18:15 - train: epoch 179, iter:0, loss: 0.2023, lr: 0.0005977537507199336
2024-12-19 11:18:17 - val epoch: 179, loss: 1.4924
2024-12-19 11:18:17 - train: epoch 180, iter:0, loss: 0.4487, lr: 0.0006281014941466028
2024-12-19 11:18:19 - val epoch: 180, loss: 1.5070, miou: 0.5550716256263957, f1_or_dsc: 0.7138856069125539, accuracy: 0.6933097839355469,                 specificity: 0.6135185370015009, sensitivity: 0.7751764539944392, confusion_matrix: [[325790 205229]
 [116359 401198]]
2024-12-19 11:18:19 - train: epoch 181, iter:0, loss: 0.3790, lr: 0.0006579634122155985
2024-12-19 11:18:22 - val epoch: 181, loss: 1.5653
2024-12-19 11:18:22 - train: epoch 182, iter:0, loss: 0.2412, lr: 0.000687221653578915
2024-12-19 11:18:24 - val epoch: 182, loss: 1.5463
2024-12-19 11:18:24 - train: epoch 183, iter:0, loss: 0.5893, lr: 0.0007157607493247102
2024-12-19 11:18:26 - val epoch: 183, loss: 1.5185
2024-12-19 11:18:26 - train: epoch 184, iter:0, loss: 0.5596, lr: 0.0007434680686803483
2024-12-19 11:18:28 - val epoch: 184, loss: 1.4171
2024-12-19 11:18:28 - train: epoch 185, iter:0, loss: 0.4897, lr: 0.0007702342635146025
2024-12-19 11:18:30 - val epoch: 185, loss: 1.2837
2024-12-19 11:18:30 - train: epoch 186, iter:0, loss: 0.8927, lr: 0.000795953699884774
2024-12-19 11:18:32 - val epoch: 186, loss: 1.4009
2024-12-19 11:18:32 - train: epoch 187, iter:0, loss: 0.4197, lr: 0.000820524874925601
2024-12-19 11:18:34 - val epoch: 187, loss: 1.3927
2024-12-19 11:18:34 - train: epoch 188, iter:0, loss: 0.3930, lr: 0.0008438508174347011
2024-12-19 11:18:36 - val epoch: 188, loss: 1.4536
2024-12-19 11:18:36 - train: epoch 189, iter:0, loss: 0.5365, lr: 0.0008658394705735988
2024-12-19 11:18:38 - val epoch: 189, loss: 1.4668
2024-12-19 11:18:38 - train: epoch 190, iter:0, loss: 0.3046, lr: 0.0008864040551740157
2024-12-19 11:18:40 - val epoch: 190, loss: 1.4940
2024-12-19 11:18:40 - train: epoch 191, iter:0, loss: 0.1320, lr: 0.0009054634122155989
2024-12-19 11:18:42 - val epoch: 191, loss: 1.3986
2024-12-19 11:18:42 - train: epoch 192, iter:0, loss: 0.2312, lr: 0.0009229423231234973
2024-12-19 11:18:44 - val epoch: 192, loss: 1.5227
2024-12-19 11:18:44 - train: epoch 193, iter:0, loss: 0.3230, lr: 0.0009387718066217124
2024-12-19 11:18:47 - val epoch: 193, loss: 1.3879
2024-12-19 11:18:47 - train: epoch 194, iter:0, loss: 0.4109, lr: 0.0009528893909706795
2024-12-19 11:18:49 - val epoch: 194, loss: 1.7261
2024-12-19 11:18:49 - train: epoch 195, iter:0, loss: 0.4223, lr: 0.0009652393605146845
2024-12-19 11:18:51 - val epoch: 195, loss: 1.4358
2024-12-19 11:18:51 - train: epoch 196, iter:0, loss: 0.8980, lr: 0.0009757729755661011
2024-12-19 11:18:52 - val epoch: 196, loss: 1.5147
2024-12-19 11:18:53 - train: epoch 197, iter:0, loss: 0.6615, lr: 0.0009844486647586726
2024-12-19 11:18:54 - val epoch: 197, loss: 1.4523
2024-12-19 11:18:54 - train: epoch 198, iter:0, loss: 0.3574, lr: 0.000991232189110701
2024-12-19 11:18:56 - val epoch: 198, loss: 1.4358
2024-12-19 11:18:56 - train: epoch 199, iter:0, loss: 0.2973, lr: 0.0009960967771506667
2024-12-19 11:18:59 - val epoch: 199, loss: 1.4294
2024-12-19 11:18:59 - train: epoch 200, iter:0, loss: 0.1422, lr: 0.0009990232305719944
2024-12-19 11:19:01 - val epoch: 200, loss: 1.4265
2024-12-19 11:19:01 - train: epoch 201, iter:0, loss: 0.4557, lr: 0.001
2024-12-19 11:19:03 - val epoch: 201, loss: 1.4181
2024-12-19 11:19:03 - train: epoch 202, iter:0, loss: 0.5150, lr: 0.0009990232305719946
2024-12-19 11:19:05 - val epoch: 202, loss: 1.4542
2024-12-19 11:19:05 - train: epoch 203, iter:0, loss: 0.2769, lr: 0.0009960967771506667
2024-12-19 11:19:07 - val epoch: 203, loss: 1.3606
2024-12-19 11:19:07 - train: epoch 204, iter:0, loss: 0.3735, lr: 0.000991232189110701
2024-12-19 11:19:09 - val epoch: 204, loss: 1.4728
2024-12-19 11:19:09 - train: epoch 205, iter:0, loss: 0.1839, lr: 0.0009844486647586723
2024-12-19 11:19:12 - val epoch: 205, loss: 1.5625
2024-12-19 11:19:12 - train: epoch 206, iter:0, loss: 0.3015, lr: 0.0009757729755661011
2024-12-19 11:19:14 - val epoch: 206, loss: 1.5487
2024-12-19 11:19:14 - train: epoch 207, iter:0, loss: 0.3389, lr: 0.0009652393605146846
2024-12-19 11:19:16 - val epoch: 207, loss: 1.4739
2024-12-19 11:19:16 - train: epoch 208, iter:0, loss: 0.1903, lr: 0.0009528893909706799
2024-12-19 11:19:18 - val epoch: 208, loss: 1.4514
2024-12-19 11:19:18 - train: epoch 209, iter:0, loss: 0.1956, lr: 0.0009387718066217124
2024-12-19 11:19:20 - val epoch: 209, loss: 1.5345
2024-12-19 11:19:20 - train: epoch 210, iter:0, loss: 0.2005, lr: 0.0009229423231234975
2024-12-19 11:19:22 - val epoch: 210, loss: 1.3522, miou: 0.5707757502688747, f1_or_dsc: 0.7267437763425787, accuracy: 0.7263450622558594,                 specificity: 0.7156975550780669, sensitivity: 0.7372695181400309, confusion_matrix: [[380049 150970]
 [135978 381579]]
2024-12-19 11:19:22 - train: epoch 211, iter:0, loss: 0.1474, lr: 0.0009054634122155991
2024-12-19 11:19:25 - val epoch: 211, loss: 1.4966
2024-12-19 11:19:25 - train: epoch 212, iter:0, loss: 0.1951, lr: 0.000886404055174016
2024-12-19 11:19:27 - val epoch: 212, loss: 1.4566
2024-12-19 11:19:27 - train: epoch 213, iter:0, loss: 0.3112, lr: 0.0008658394705735985
2024-12-19 11:19:29 - val epoch: 213, loss: 1.4784
2024-12-19 11:19:29 - train: epoch 214, iter:0, loss: 0.4689, lr: 0.0008438508174347008
2024-12-19 11:19:30 - val epoch: 214, loss: 1.5168
2024-12-19 11:19:31 - train: epoch 215, iter:0, loss: 0.2641, lr: 0.0008205248749256014
2024-12-19 11:19:32 - val epoch: 215, loss: 1.5706
2024-12-19 11:19:32 - train: epoch 216, iter:0, loss: 0.1610, lr: 0.0007959536998847743
2024-12-19 11:19:34 - val epoch: 216, loss: 1.5205
2024-12-19 11:19:34 - train: epoch 217, iter:0, loss: 0.1953, lr: 0.0007702342635146037
2024-12-19 11:19:37 - val epoch: 217, loss: 1.5551
2024-12-19 11:19:37 - train: epoch 218, iter:0, loss: 0.1878, lr: 0.0007434680686803494
2024-12-19 11:19:39 - val epoch: 218, loss: 1.4620
2024-12-19 11:19:39 - train: epoch 219, iter:0, loss: 0.1423, lr: 0.0007157607493247116
2024-12-19 11:19:41 - val epoch: 219, loss: 1.5005
2024-12-19 11:19:41 - train: epoch 220, iter:0, loss: 0.3538, lr: 0.0006872216535789156
2024-12-19 11:19:43 - val epoch: 220, loss: 1.4988
2024-12-19 11:19:43 - train: epoch 221, iter:0, loss: 0.2146, lr: 0.0006579634122155991
2024-12-19 11:19:45 - val epoch: 221, loss: 1.5747
2024-12-19 11:19:45 - train: epoch 222, iter:0, loss: 0.1263, lr: 0.0006281014941466026
2024-12-19 11:19:47 - val epoch: 222, loss: 1.5650
2024-12-19 11:19:47 - train: epoch 223, iter:0, loss: 0.2793, lr: 0.0005977537507199333
2024-12-19 11:19:49 - val epoch: 223, loss: 1.5812
2024-12-19 11:19:50 - train: epoch 224, iter:0, loss: 0.1568, lr: 0.0005670399506143304
2024-12-19 11:19:52 - val epoch: 224, loss: 1.6214
2024-12-19 11:19:52 - train: epoch 225, iter:0, loss: 0.1917, lr: 0.00053608130716701
2024-12-19 11:19:55 - val epoch: 225, loss: 1.5924
2024-12-19 11:19:55 - train: epoch 226, iter:0, loss: 0.1847, lr: 0.0005050000000000001
2024-12-19 11:19:56 - val epoch: 226, loss: 1.6165
2024-12-19 11:19:57 - train: epoch 227, iter:0, loss: 0.2125, lr: 0.00047391869283299024
2024-12-19 11:19:58 - val epoch: 227, loss: 1.6380
2024-12-19 11:19:59 - train: epoch 228, iter:0, loss: 0.0873, lr: 0.00044296004938567
2024-12-19 11:20:00 - val epoch: 228, loss: 1.6526
2024-12-19 11:20:01 - train: epoch 229, iter:0, loss: 0.1149, lr: 0.00041224624928006703
2024-12-19 11:20:03 - val epoch: 229, loss: 1.6335
2024-12-19 11:20:04 - train: epoch 230, iter:0, loss: 0.2805, lr: 0.0003818985058533978
2024-12-19 11:20:05 - val epoch: 230, loss: 1.6617
2024-12-19 11:20:05 - train: epoch 231, iter:0, loss: 0.1423, lr: 0.0003520365877844004
2024-12-19 11:20:07 - val epoch: 231, loss: 1.6693
2024-12-19 11:20:07 - train: epoch 232, iter:0, loss: 0.0972, lr: 0.00032277834642108395
2024-12-19 11:20:09 - val epoch: 232, loss: 1.6470
2024-12-19 11:20:09 - train: epoch 233, iter:0, loss: 0.1066, lr: 0.0002942392506752888
2024-12-19 11:20:11 - val epoch: 233, loss: 1.6518
2024-12-19 11:20:11 - train: epoch 234, iter:0, loss: 0.1498, lr: 0.0002665319313196508
2024-12-19 11:20:13 - val epoch: 234, loss: 1.6319
2024-12-19 11:20:14 - train: epoch 235, iter:0, loss: 0.1975, lr: 0.0002397657364853967
2024-12-19 11:20:16 - val epoch: 235, loss: 1.6427
2024-12-19 11:20:16 - train: epoch 236, iter:0, loss: 0.2241, lr: 0.00021404630011522595
2024-12-19 11:20:18 - val epoch: 236, loss: 1.6545
2024-12-19 11:20:18 - train: epoch 237, iter:0, loss: 0.2320, lr: 0.0001894751250743989
2024-12-19 11:20:20 - val epoch: 237, loss: 1.6551
2024-12-19 11:20:20 - train: epoch 238, iter:0, loss: 0.1105, lr: 0.00016614918256529953
2024-12-19 11:20:22 - val epoch: 238, loss: 1.6600
2024-12-19 11:20:22 - train: epoch 239, iter:0, loss: 0.2336, lr: 0.0001441605294264018
2024-12-19 11:20:24 - val epoch: 239, loss: 1.6736
2024-12-19 11:20:24 - train: epoch 240, iter:0, loss: 0.1121, lr: 0.00012359594482598497
2024-12-19 11:20:26 - val epoch: 240, loss: 1.6785, miou: 0.543025468092257, f1_or_dsc: 0.703845113799236, accuracy: 0.6939725875854492,                 specificity: 0.6522629133797473, sensitivity: 0.7367671580135134, confusion_matrix: [[346364 184655]
 [136238 381319]]
2024-12-19 11:20:26 - train: epoch 241, iter:0, loss: 0.1848, lr: 0.00010453658778440172
2024-12-19 11:20:28 - val epoch: 241, loss: 1.6835
2024-12-19 11:20:28 - train: epoch 242, iter:0, loss: 0.1104, lr: 8.705767687650232e-05
2024-12-19 11:20:30 - val epoch: 242, loss: 1.6867
2024-12-19 11:20:30 - train: epoch 243, iter:0, loss: 0.0944, lr: 7.122819337828741e-05
2024-12-19 11:20:32 - val epoch: 243, loss: 1.6754
2024-12-19 11:20:32 - train: epoch 244, iter:0, loss: 0.1746, lr: 5.711060902932031e-05
2024-12-19 11:20:34 - val epoch: 244, loss: 1.6738
2024-12-19 11:20:34 - train: epoch 245, iter:0, loss: 0.1646, lr: 4.4760639485315584e-05
2024-12-19 11:20:36 - val epoch: 245, loss: 1.6770
2024-12-19 11:20:36 - train: epoch 246, iter:0, loss: 0.1286, lr: 3.422702443389906e-05
2024-12-19 11:20:38 - val epoch: 246, loss: 1.6800
2024-12-19 11:20:38 - train: epoch 247, iter:0, loss: 0.2193, lr: 2.5551335241327733e-05
2024-12-19 11:20:41 - val epoch: 247, loss: 1.6803
2024-12-19 11:20:41 - train: epoch 248, iter:0, loss: 0.0974, lr: 1.8767810889299255e-05
2024-12-19 11:20:43 - val epoch: 248, loss: 1.6814
2024-12-19 11:20:43 - train: epoch 249, iter:0, loss: 0.1504, lr: 1.3903222849333564e-05
2024-12-19 11:20:45 - val epoch: 249, loss: 1.6826
2024-12-19 11:20:45 - train: epoch 250, iter:0, loss: 0.1589, lr: 1.0976769428005635e-05
2024-12-19 11:20:47 - val epoch: 250, loss: 1.6833
2024-12-19 11:21:07 - ==test of best model==
loss: 0.5723,miou: 0.7846692538319732, f1_or_dsc: 0.8793441722012766, accuracy: 0.8762178421020508,                 specificity: 0.886102125863084, sensitivity: 0.867101131983323, confusion_matrix: [[2229028  286515]
 [ 362460 2364877]]
